ERROR 2015-01-08T05:47:24 supybot Invalid user dictionary file, resetting to empty.
ERROR 2015-01-08T05:47:24 supybot Exact error: IOError: [Errno 2] No such file or directory: 'conf/users.conf'
ERROR 2015-01-08T05:47:24 supybot Invalid channel database, resetting to empty.
ERROR 2015-01-08T05:47:24 supybot Exact error: IOError: [Errno 2] No such file or directory: 'conf/channels.conf'
WARNING 2015-01-08T05:47:24 supybot Couldn't open ignore database: [Errno 2] No such file or directory: 'conf/ignores.conf'
INFO 2015-01-08T05:52:25 supybot Shutdown initiated.
INFO 2015-01-08T05:52:25 supybot Killing Driver objects.
INFO 2015-01-08T05:52:25 supybot Killing Irc objects.
INFO 2015-01-08T05:52:25 supybot Shutdown complete.
INFO 2015-01-08T05:53:04 supybot Creating new Irc for freenode.
INFO 2015-01-08T05:53:04 supybot Connecting to irc.freenode.net:6667.
INFO 2015-01-08T05:53:04 supybot Loading plugins (connecting to freenode).
WARNING 2015-01-08T05:53:04 supybot Couldn't open /home/rg_arch/varg/data/ChannelStats.db: [Errno 2] No such file or directory: '/home/rg_arch/varg/data/ChannelStats.db'.
WARNING 2015-01-08T05:53:04 supybot Couldn't open /home/rg_arch/varg/data/Seen.db: [Errno 2] No such file or directory: '/home/rg_arch/varg/data/Seen.db'.
WARNING 2015-01-08T05:53:04 supybot Couldn't open /home/rg_arch/varg/data/Seen.any.db: [Errno 2] No such file or directory: '/home/rg_arch/varg/data/Seen.any.db'.
INFO 2015-01-08T05:53:05 supybot freenode: Server acknowledged capability 'account-notify'
INFO 2015-01-08T05:53:06 supybot freenode: Server acknowledged capability 'extended-join'
INFO 2015-01-08T05:53:08 supybot Server kornbluth.freenode.net has version ircd-seven-1.1.3
INFO 2015-01-08T05:53:08 supybot Got end of MOTD from kornbluth.freenode.net
INFO 2015-01-08T05:53:16 supybot Join to #ugmetalforum on freenode synced in 2.60 seconds.
INFO 2015-01-08T05:53:53 supybot identify called in private by "infrablack!~rg_arch@li125-120.members.linode.com".
INFO 2015-01-08T05:54:07 supybot identify called in private by "infrablack!~rg_arch@li125-120.members.linode.com".
INFO 2015-01-08T05:54:42 supybot seen called on #ugmetalforum by "infrablack!~rg_arch@li125-120.members.linode.com".
INFO 2015-01-08T05:54:50 supybot google called on #ugmetalforum by "infrablack!~rg_arch@li125-120.members.linode.com".
INFO 2015-01-08T05:55:06 supybot seen called on #ugmetalforum by "skope!skope@psykedelia.org".
INFO 2015-01-08T05:55:13 supybot google called on #ugmetalforum by "infrablack!~rg_arch@li125-120.members.linode.com".
INFO 2015-01-08T05:56:18 supybot grab called on #ugmetalforum by "rg_metal!~rg_metal@unaffiliated/rg-metal/x-7047109".
INFO 2015-01-08T05:56:26 supybot grab called on #ugmetalforum by "rg_metal!~rg_metal@unaffiliated/rg-metal/x-7047109".
INFO 2015-01-08T05:57:28 supybot google called on #ugmetalforum by "rg_metal!~rg_metal@unaffiliated/rg-metal/x-7047109".
INFO 2015-01-08T05:57:44 supybot google called on #ugmetalforum by "rg_metal!~rg_metal@unaffiliated/rg-metal/x-7047109".
INFO 2015-01-08T05:57:52 supybot help called on #ugmetalforum by "rg_metal!~rg_metal@unaffiliated/rg-metal/x-7047109".
INFO 2015-01-08T05:58:57 supybot seen called on #ugmetalforum by "rg_metal!~rg_metal@unaffiliated/rg-metal/x-7047109".
INFO 2015-01-08T06:01:05 supybot google called on #ugmetalforum by "rg_metal!~rg_metal@unaffiliated/rg-metal/x-7047109".
INFO 2015-01-08T06:01:36 supybot tell called on #ugmetalforum by "rg_metal!~rg_metal@unaffiliated/rg-metal/x-7047109".
INFO 2015-01-08T06:01:42 supybot google called on #ugmetalforum by "Affix!~Affix@fedora/Affix".
INFO 2015-01-08T06:39:08 supybot tell called on #ugmetalforum by "rg_metal!~rg_metal@unaffiliated/rg-metal/x-7047109".
INFO 2015-01-08T06:39:57 supybot google called on #ugmetalforum by "rg_metal!~rg_metal@unaffiliated/rg-metal/x-7047109".
INFO 2015-01-08T06:40:19 supybot list called on #ugmetalforum by "rg_metal!~rg_metal@unaffiliated/rg-metal/x-7047109".
INFO 2015-01-08T06:40:26 supybot time called on #ugmetalforum by "rg_metal!~rg_metal@unaffiliated/rg-metal/x-7047109".
INFO 2015-01-08T06:42:25 supybot channelstats called on #ugmetalforum by "rg_metal!~rg_metal@unaffiliated/rg-metal/x-7047109".
INFO 2015-01-08T06:42:25 supybot grab called on #ugmetalforum by "skope!skope@psykedelia.org".
INFO 2015-01-08T06:42:38 supybot list called on #ugmetalforum by "skope!skope@psykedelia.org".
INFO 2015-01-08T06:42:39 supybot quote called on #ugmetalforum by "rg_metal!~rg_metal@unaffiliated/rg-metal/x-7047109".
INFO 2015-01-08T06:43:42 supybot google called on #ugmetalforum by "decrepit!6563d066@gateway/web/freenode/ip.101.99.208.102".
INFO 2015-01-08T06:43:51 supybot google called on #ugmetalforum by "decrepit!6563d066@gateway/web/freenode/ip.101.99.208.102".
INFO 2015-01-08T06:44:11 supybot tell called on #ugmetalforum by "rg_metal!~rg_metal@unaffiliated/rg-metal/x-7047109".
INFO 2015-01-08T06:45:44 supybot time called on #ugmetalforum by "rg_metal!~rg_metal@unaffiliated/rg-metal/x-7047109".
INFO 2015-01-08T06:45:56 supybot time called on #ugmetalforum by "rg_metal!~rg_metal@unaffiliated/rg-metal/x-7047109".
INFO 2015-01-08T06:46:01 supybot time called on #ugmetalforum by "rg_metal!~rg_metal@unaffiliated/rg-metal/x-7047109".
INFO 2015-01-08T06:46:10 supybot help called on #ugmetalforum by "rg_metal!~rg_metal@unaffiliated/rg-metal/x-7047109".
INFO 2015-01-08T06:46:51 supybot quote called on #ugmetalforum by "rg_metal!~rg_metal@unaffiliated/rg-metal/x-7047109".
INFO 2015-01-08T06:46:59 supybot grab called on #ugmetalforum by "rg_metal!~rg_metal@unaffiliated/rg-metal/x-7047109".
INFO 2015-01-08T06:47:09 supybot quote random called on #ugmetalforum by "rg_metal!~rg_metal@unaffiliated/rg-metal/x-7047109".
INFO 2015-01-08T06:47:15 supybot quote called on #ugmetalforum by "rg_metal!~rg_metal@unaffiliated/rg-metal/x-7047109".
INFO 2015-01-08T06:47:37 supybot list called in private by "rg_metal!~rg_metal@unaffiliated/rg-metal/x-7047109".
INFO 2015-01-08T06:47:54 supybot seen called in private by "rg_metal!~rg_metal@unaffiliated/rg-metal/x-7047109".
INFO 2015-01-08T06:47:57 supybot topic called in private by "rg_metal!~rg_metal@unaffiliated/rg-metal/x-7047109".
INFO 2015-01-08T06:48:05 supybot topic called in private by "rg_metal!~rg_metal@unaffiliated/rg-metal/x-7047109".
INFO 2015-01-08T06:48:22 supybot misc help called in private by "rg_metal!~rg_metal@unaffiliated/rg-metal/x-7047109".
INFO 2015-01-08T06:48:34 supybot list called in private by "rg_metal!~rg_metal@unaffiliated/rg-metal/x-7047109".
INFO 2015-01-08T06:49:03 supybot help called in private by "rg_metal!~rg_metal@unaffiliated/rg-metal/x-7047109".
INFO 2015-01-08T06:49:06 supybot help called in private by "rg_metal!~rg_metal@unaffiliated/rg-metal/x-7047109".
INFO 2015-01-08T06:49:11 supybot help called in private by "rg_metal!~rg_metal@unaffiliated/rg-metal/x-7047109".
INFO 2015-01-08T06:49:18 supybot list called in private by "rg_metal!~rg_metal@unaffiliated/rg-metal/x-7047109".
INFO 2015-01-08T06:49:38 supybot aka add called in private by "rg_metal!~rg_metal@unaffiliated/rg-metal/x-7047109".
INFO 2015-01-08T06:51:56 supybot list called in private by "rg_metal!~rg_metal@unaffiliated/rg-metal/x-7047109".
INFO 2015-01-08T06:52:10 supybot list called in private by "rg_metal!~rg_metal@unaffiliated/rg-metal/x-7047109".
INFO 2015-01-08T06:52:38 supybot math calc called on #ugmetalforum by "rg_metal!~rg_metal@unaffiliated/rg-metal/x-7047109".
INFO 2015-01-08T06:52:38 supybot evaluating "4.0000000000000000+4.0000000000000000/7.0000000000000000" from rg_metal!~rg_metal@unaffiliated/rg-metal/x-7047109
INFO 2015-01-08T06:53:05 supybot Flushers flushed and garbage collected.
INFO 2015-01-08T06:53:23 supybot math calc called on #ugmetalforum by "rg_metal!~rg_metal@unaffiliated/rg-metal/x-7047109".
INFO 2015-01-08T06:53:23 supybot evaluating "5.0000000000000000*pi" from rg_metal!~rg_metal@unaffiliated/rg-metal/x-7047109
INFO 2015-01-08T06:58:51 supybot time called on #ugmetalforum by "rg_metal!~rg_metal@unaffiliated/rg-metal/x-7047109".
INFO 2015-01-08T07:53:06 supybot Flushers flushed and garbage collected.
INFO 2015-01-08T08:04:32 supybot tell called on #ugmetalforum by "Affix!~Affix@fedora/Affix".
INFO 2015-01-08T08:53:06 supybot Flushers flushed and garbage collected.
INFO 2015-01-08T09:53:07 supybot Flushers flushed and garbage collected.
INFO 2015-01-08T10:53:07 supybot Flushers flushed and garbage collected.
INFO 2015-01-08T11:53:08 supybot Flushers flushed and garbage collected.
INFO 2015-01-08T12:53:08 supybot Flushers flushed and garbage collected.
INFO 2015-01-08T13:13:41 supybot tell called on #ugmetalforum by "rg_metal!~rg_metal@unaffiliated/rg-metal/x-7047109".
INFO 2015-01-08T13:15:00 supybot identify called in private by "infrablack!~rg_arch@li125-120.members.linode.com".
INFO 2015-01-08T13:15:18 supybot list called in private by "infrablack!~rg_arch@li125-120.members.linode.com".
INFO 2015-01-08T13:15:23 supybot list called in private by "infrablack!~rg_arch@li125-120.members.linode.com".
INFO 2015-01-08T13:15:31 supybot quote called in private by "infrablack!~rg_arch@li125-120.members.linode.com".
INFO 2015-01-08T13:15:47 supybot config help called in private by "infrablack!~rg_arch@li125-120.members.linode.com".
INFO 2015-01-08T13:17:24 supybot list called in private by "infrablack!~rg_arch@li125-120.members.linode.com".
INFO 2015-01-08T13:17:36 supybot plugindownloader install called in private by "infrablack!~rg_arch@li125-120.members.linode.com".
INFO 2015-01-08T13:22:55 supybot plugindownloader install called in private by "infrablack!~rg_arch@li125-120.members.linode.com".
INFO 2015-01-08T13:23:17 supybot plugindownloader install called in private by "infrablack!~rg_arch@li125-120.members.linode.com".
INFO 2015-01-08T13:24:53 supybot load called in private by "infrablack!~rg_arch@li125-120.members.linode.com".
INFO 2015-01-08T13:24:59 supybot list called in private by "infrablack!~rg_arch@li125-120.members.linode.com".
INFO 2015-01-08T13:25:07 supybot load called in private by "infrablack!~rg_arch@li125-120.members.linode.com".
INFO 2015-01-08T13:25:10 supybot help called in private by "infrablack!~rg_arch@li125-120.members.linode.com".
INFO 2015-01-08T13:25:32 supybot load called in private by "infrablack!~rg_arch@li125-120.members.linode.com".
INFO 2015-01-08T13:25:41 supybot list called in private by "infrablack!~rg_arch@li125-120.members.linode.com".
INFO 2015-01-08T13:25:57 supybot list called in private by "infrablack!~rg_arch@li125-120.members.linode.com".
INFO 2015-01-08T13:33:25 supybot load called in private by "infrablack!~rg_arch@li125-120.members.linode.com".
WARNING 2015-01-08T13:33:25 supybot Couldn't open /home/rg_arch/varg/data/LastFM.db: [Errno 2] No such file or directory: '/home/rg_arch/varg/data/LastFM.db'.
INFO 2015-01-08T13:33:36 supybot np called on #ugmetalforum by "rg_metal!~rg_metal@unaffiliated/rg-metal/x-7047109".
INFO 2015-01-08T13:35:10 supybot np called on #ugmetalforum by "hipstatomic!836b9fb1@gateway/web/freenode/ip.131.107.159.177".
INFO 2015-01-08T13:37:46 supybot np called on #ugmetalforum by "rg_metal!~rg_metal@unaffiliated/rg-metal/x-7047109".
INFO 2015-01-08T13:39:39 supybot list called on #ugmetalforum by "rg_metal!~rg_metal@unaffiliated/rg-metal/x-7047109".
INFO 2015-01-08T13:39:49 supybot list called on #ugmetalforum by "rg_metal!~rg_metal@unaffiliated/rg-metal/x-7047109".
INFO 2015-01-08T13:39:58 supybot compare called on #ugmetalforum by "rg_metal!~rg_metal@unaffiliated/rg-metal/x-7047109".
INFO 2015-01-08T13:40:14 supybot profile called on #ugmetalforum by "rg_metal!~rg_metal@unaffiliated/rg-metal/x-7047109".
INFO 2015-01-08T13:40:26 supybot lastfm called on #ugmetalforum by "rg_metal!~rg_metal@unaffiliated/rg-metal/x-7047109".
INFO 2015-01-08T13:40:36 supybot np called on #ugmetalforum by "rg_metal!~rg_metal@unaffiliated/rg-metal/x-7047109".
INFO 2015-01-08T13:40:50 supybot profile called on #ugmetalforum by "hipstatomic!836b9fb1@gateway/web/freenode/ip.131.107.159.177".
INFO 2015-01-08T13:41:20 supybot lastfm set called on #ugmetalforum by "hipstatomic!836b9fb1@gateway/web/freenode/ip.131.107.159.177".
INFO 2015-01-08T13:41:49 supybot lastfm set called on #ugmetalforum by "hipstatomic!836b9fb1@gateway/web/freenode/ip.131.107.159.177".
INFO 2015-01-08T13:41:54 supybot np called on #ugmetalforum by "hipstatomic!836b9fb1@gateway/web/freenode/ip.131.107.159.177".
ERROR 2015-01-08T13:41:55 supybot Spec: [<optional for something>]
ERROR 2015-01-08T13:41:55 supybot Received args: []
ERROR 2015-01-08T13:41:55 supybot Extra args: ['optionalId']
ERROR 2015-01-08T13:41:55 supybot Uncaught exception in ['np'].
Traceback (most recent call last):
  File "/usr/lib/python2.7/site-packages/supybot/callbacks.py", line 1268, in _callCommand
    self.callCommand(command, irc, msg, *args, **kwargs)
  File "/usr/lib/python2.7/site-packages/supybot/utils/python.py", line 91, in g
    f(self, *args, **kwargs)
  File "/usr/lib/python2.7/site-packages/supybot/callbacks.py", line 1249, in callCommand
    method(irc, msg, *args, **kwargs)
  File "/usr/lib/python2.7/site-packages/supybot/commands.py", line 1079, in newf
    f(self, irc, msg, args, *state.args, **state.kwargs)
  File "/home/rg_arch/varg/plugins/supybot-lastfm/plugin.py", line 156, in nowPlaying
    self._formatTimeago(time))).encode("utf-8"))
  File "/home/rg_arch/varg/plugins/supybot-lastfm/plugin.py", line 241, in _formatTimeago
    t = int(time()-unixtime)
TypeError: unsupported operand type(s) for -: 'float' and 'NoneType'
ERROR 2015-01-08T13:41:55 supybot Exception id: 0xe21cb
INFO 2015-01-08T13:42:08 supybot lastfm set called on #ugmetalforum by "hipstatomic!836b9fb1@gateway/web/freenode/ip.131.107.159.177".
INFO 2015-01-08T13:42:12 supybot np called on #ugmetalforum by "hipstatomic!836b9fb1@gateway/web/freenode/ip.131.107.159.177".
INFO 2015-01-08T13:42:21 supybot lastfm set called on #ugmetalforum by "rg_metal!~rg_metal@unaffiliated/rg-metal/x-7047109".
INFO 2015-01-08T13:43:07 supybot lastfm set called on #ugmetalforum by "rg_metal!~rg_metal@unaffiliated/rg-metal/x-7047109".
INFO 2015-01-08T13:43:19 supybot lastfm set called on #ugmetalforum by "rg_metal!~rg_metal@unaffiliated/rg-metal/x-7047109".
INFO 2015-01-08T13:43:39 supybot np called on #ugmetalforum by "rg_metal!~rg_metal@unaffiliated/rg-metal/x-7047109".
INFO 2015-01-08T13:53:08 supybot Flushers flushed and garbage collected.
INFO 2015-01-08T14:14:51 supybot np called on #ugmetalforum by "hipstatomic!836b9fb1@gateway/web/freenode/ip.131.107.159.177".
INFO 2015-01-08T14:43:16 supybot np called on #ugmetalforum by "rg_metal!~rg_metal@unaffiliated/rg-metal/x-7047109".
INFO 2015-01-08T14:45:32 supybot np called on #ugmetalforum by "rg_metal!~rg_metal@unaffiliated/rg-metal/x-7047109".
INFO 2015-01-08T14:53:09 supybot Flushers flushed and garbage collected.
INFO 2015-01-08T15:40:37 supybot np called on #ugmetalforum by "rg_metal!~rg_metal@unaffiliated/rg-metal/x-7047109".
INFO 2015-01-08T15:42:41 supybot np called on #ugmetalforum by "rg_metal!~rg_metal@unaffiliated/rg-metal/x-7047109".
INFO 2015-01-08T15:42:44 supybot np called on #ugmetalforum by "Nes173!~Nes173@unaffiliated/nes173".
INFO 2015-01-08T15:42:55 supybot lastfm called on #ugmetalforum by "rg_metal!~rg_metal@unaffiliated/rg-metal/x-7047109".
INFO 2015-01-08T15:46:20 supybot help called on #ugmetalforum by "rg_metal!~rg_metal@unaffiliated/rg-metal/x-7047109".
INFO 2015-01-08T15:47:01 supybot help called on #ugmetalforum by "Nes173!~Nes173@unaffiliated/nes173".
INFO 2015-01-08T15:47:05 supybot lastfm called on #ugmetalforum by "rg_metal!~rg_metal@unaffiliated/rg-metal/x-7047109".
INFO 2015-01-08T15:47:15 supybot lastfm set called on #ugmetalforum by "rg_metal!~rg_metal@unaffiliated/rg-metal/x-7047109".
INFO 2015-01-08T15:48:15 supybot google called on #ugmetalforum by "Nes173!~Nes173@unaffiliated/nes173".
INFO 2015-01-08T15:48:15 supybot google called on #ugmetalforum by "rg_metal!~rg_metal@unaffiliated/rg-metal/x-7047109".
INFO 2015-01-08T15:48:28 supybot google called on #ugmetalforum by "Nes173!~Nes173@unaffiliated/nes173".
INFO 2015-01-08T15:48:39 supybot commands called on #ugmetalforum by "Nes173!~Nes173@unaffiliated/nes173".
INFO 2015-01-08T15:48:58 supybot commands called on #ugmetalforum by "Nes173!~Nes173@unaffiliated/nes173".
INFO 2015-01-08T15:49:29 supybot compare called on #ugmetalforum by "Nes173!~Nes173@unaffiliated/nes173".
INFO 2015-01-08T15:49:33 supybot help called on #ugmetalforum by "Nes173!~Nes173@unaffiliated/nes173".
INFO 2015-01-08T15:49:46 supybot help called on #ugmetalforum by "Nes173!~Nes173@unaffiliated/nes173".
INFO 2015-01-08T15:49:54 supybot compare called on #ugmetalforum by "rg_metal!~rg_metal@unaffiliated/rg-metal/x-7047109".
INFO 2015-01-08T15:50:02 supybot help called on #ugmetalforum by "Nes173!~Nes173@unaffiliated/nes173".
INFO 2015-01-08T15:50:03 supybot compare called on #ugmetalforum by "rg_metal!~rg_metal@unaffiliated/rg-metal/x-7047109".
INFO 2015-01-08T15:50:22 supybot help called on #ugmetalforum by "Nes173!~Nes173@unaffiliated/nes173".
INFO 2015-01-08T15:50:41 supybot math calc called on #ugmetalforum by "rg_metal!~rg_metal@unaffiliated/rg-metal/x-7047109".
INFO 2015-01-08T15:50:41 supybot evaluating "4.0000000000000000+4.0000000000000000" from rg_metal!~rg_metal@unaffiliated/rg-metal/x-7047109
INFO 2015-01-08T15:50:48 supybot convert called on #ugmetalforum by "Nes173!~Nes173@unaffiliated/nes173".
INFO 2015-01-08T15:51:07 supybot help called on #ugmetalforum by "Nes173!~Nes173@unaffiliated/nes173".
INFO 2015-01-08T15:51:16 supybot ctime called on #ugmetalforum by "rg_metal!~rg_metal@unaffiliated/rg-metal/x-7047109".
INFO 2015-01-08T15:51:16 supybot commands called on #ugmetalforum by "Nes173!~Nes173@unaffiliated/nes173".
INFO 2015-01-08T15:52:09 supybot compare called on #ugmetalforum by "rg_metal!~rg_metal@unaffiliated/rg-metal/x-7047109".
INFO 2015-01-08T15:53:10 supybot Flushers flushed and garbage collected.
INFO 2015-01-08T15:53:59 supybot google called on #ugmetalforum by "rg_metal!~rg_metal@unaffiliated/rg-metal/x-7047109".
INFO 2015-01-08T15:54:07 supybot help called in private by "Nes173!~Nes173@unaffiliated/nes173".
INFO 2015-01-08T15:54:11 supybot commands called in private by "Nes173!~Nes173@unaffiliated/nes173".
INFO 2015-01-08T15:54:22 supybot commands called in private by "Nes173!~Nes173@unaffiliated/nes173".
INFO 2015-01-08T15:54:28 supybot commands called in private by "Nes173!~Nes173@unaffiliated/nes173".
INFO 2015-01-08T15:54:30 supybot commands called in private by "Nes173!~Nes173@unaffiliated/nes173".
INFO 2015-01-08T15:54:32 supybot commands called in private by "Nes173!~Nes173@unaffiliated/nes173".
INFO 2015-01-08T15:54:33 supybot commands called in private by "Nes173!~Nes173@unaffiliated/nes173".
INFO 2015-01-08T15:56:11 supybot help called on #ugmetalforum by "Nes173!~Nes173@unaffiliated/nes173".
INFO 2015-01-08T15:56:28 supybot help called on #ugmetalforum by "Nes173!~Nes173@unaffiliated/nes173".
INFO 2015-01-08T15:56:40 supybot help called on #ugmetalforum by "Nes173!~Nes173@unaffiliated/nes173".
INFO 2015-01-08T15:56:45 supybot cmd called on #ugmetalforum by "Nes173!~Nes173@unaffiliated/nes173".
INFO 2015-01-08T15:57:27 supybot cmd called on #ugmetalforum by "Nes173!~Nes173@unaffiliated/nes173".
INFO 2015-01-08T15:57:30 supybot cmd called on #ugmetalforum by "Nes173!~Nes173@unaffiliated/nes173".
INFO 2015-01-08T15:57:46 supybot help called on #ugmetalforum by "Nes173!~Nes173@unaffiliated/nes173".
INFO 2015-01-08T15:58:01 supybot channelstats called on #ugmetalforum by "Nes173!~Nes173@unaffiliated/nes173".
INFO 2015-01-08T15:58:21 supybot channelstats called on #ugmetalforum by "Nes173!~Nes173@unaffiliated/nes173".
INFO 2015-01-08T15:58:31 supybot channelstats called on #ugmetalforum by "Nes173!~Nes173@unaffiliated/nes173".
INFO 2015-01-08T16:00:51 supybot load called in private by "infrablack!~rg_arch@li125-120.members.linode.com".
INFO 2015-01-08T16:02:38 supybot load called in private by "infrablack!~rg_arch@li125-120.members.linode.com".
INFO 2015-01-08T16:02:53 supybot load called in private by "infrablack!~rg_arch@li125-120.members.linode.com".
INFO 2015-01-08T16:03:02 supybot load called in private by "infrablack!~rg_arch@li125-120.members.linode.com".
INFO 2015-01-08T16:07:22 supybot load called in private by "infrablack!~rg_arch@li125-120.members.linode.com".
ERROR 2015-01-08T16:07:22 supybot Uncaught exception in Youtube.__call__:
Traceback (most recent call last):
  File "/usr/lib/python2.7/site-packages/supybot/log.py", line 361, in m
    return f(self, *args, **kwargs)
  File "/usr/lib/python2.7/site-packages/supybot/irclib.py", line 126, in __call__
    method(irc, msg)
  File "/home/rg_arch/varg/plugins/Youtube/plugin.py", line 152, in doPrivmsg
    linkapi = LinkDBApi()
  File "/home/rg_arch/varg/plugins/Youtube/plugin.py", line 33, in __init__
    self.testinit()
  File "/home/rg_arch/varg/plugins/Youtube/plugin.py", line 41, in testinit
    callbacks.Plugin.log.debug("IOError in DB creation")
AttributeError: type object 'Plugin' has no attribute 'log'
ERROR 2015-01-08T16:07:22 supybot Exception id: 0x2dc71
ERROR 2015-01-08T16:07:33 supybot Uncaught exception in Youtube.__call__:
Traceback (most recent call last):
  File "/usr/lib/python2.7/site-packages/supybot/log.py", line 361, in m
    return f(self, *args, **kwargs)
  File "/usr/lib/python2.7/site-packages/supybot/irclib.py", line 126, in __call__
    method(irc, msg)
  File "/home/rg_arch/varg/plugins/Youtube/plugin.py", line 152, in doPrivmsg
    linkapi = LinkDBApi()
  File "/home/rg_arch/varg/plugins/Youtube/plugin.py", line 33, in __init__
    self.testinit()
  File "/home/rg_arch/varg/plugins/Youtube/plugin.py", line 41, in testinit
    callbacks.Plugin.log.debug("IOError in DB creation")
AttributeError: type object 'Plugin' has no attribute 'log'
ERROR 2015-01-08T16:07:33 supybot Exception id: 0x2dc71
ERROR 2015-01-08T16:07:35 supybot Uncaught exception in Youtube.__call__:
Traceback (most recent call last):
  File "/usr/lib/python2.7/site-packages/supybot/log.py", line 361, in m
    return f(self, *args, **kwargs)
  File "/usr/lib/python2.7/site-packages/supybot/irclib.py", line 126, in __call__
    method(irc, msg)
  File "/home/rg_arch/varg/plugins/Youtube/plugin.py", line 152, in doPrivmsg
    linkapi = LinkDBApi()
  File "/home/rg_arch/varg/plugins/Youtube/plugin.py", line 33, in __init__
    self.testinit()
  File "/home/rg_arch/varg/plugins/Youtube/plugin.py", line 41, in testinit
    callbacks.Plugin.log.debug("IOError in DB creation")
AttributeError: type object 'Plugin' has no attribute 'log'
ERROR 2015-01-08T16:07:35 supybot Exception id: 0x2dc71
INFO 2015-01-08T16:07:43 supybot list called on #ugmetalforum by "rg_metal!~rg_metal@unaffiliated/rg-metal/x-7047109".
ERROR 2015-01-08T16:07:43 supybot Uncaught exception in Youtube.__call__:
Traceback (most recent call last):
  File "/usr/lib/python2.7/site-packages/supybot/log.py", line 361, in m
    return f(self, *args, **kwargs)
  File "/usr/lib/python2.7/site-packages/supybot/irclib.py", line 126, in __call__
    method(irc, msg)
  File "/home/rg_arch/varg/plugins/Youtube/plugin.py", line 152, in doPrivmsg
    linkapi = LinkDBApi()
  File "/home/rg_arch/varg/plugins/Youtube/plugin.py", line 33, in __init__
    self.testinit()
  File "/home/rg_arch/varg/plugins/Youtube/plugin.py", line 41, in testinit
    callbacks.Plugin.log.debug("IOError in DB creation")
AttributeError: type object 'Plugin' has no attribute 'log'
ERROR 2015-01-08T16:07:43 supybot Exception id: 0x2dc71
ERROR 2015-01-08T16:07:53 supybot Uncaught exception in Youtube.__call__:
Traceback (most recent call last):
  File "/usr/lib/python2.7/site-packages/supybot/log.py", line 361, in m
    return f(self, *args, **kwargs)
  File "/usr/lib/python2.7/site-packages/supybot/irclib.py", line 126, in __call__
    method(irc, msg)
  File "/home/rg_arch/varg/plugins/Youtube/plugin.py", line 152, in doPrivmsg
    linkapi = LinkDBApi()
  File "/home/rg_arch/varg/plugins/Youtube/plugin.py", line 33, in __init__
    self.testinit()
  File "/home/rg_arch/varg/plugins/Youtube/plugin.py", line 41, in testinit
    callbacks.Plugin.log.debug("IOError in DB creation")
AttributeError: type object 'Plugin' has no attribute 'log'
ERROR 2015-01-08T16:07:53 supybot Exception id: 0x2dc71
INFO 2015-01-08T16:08:04 supybot list called on #ugmetalforum by "rg_metal!~rg_metal@unaffiliated/rg-metal/x-7047109".
ERROR 2015-01-08T16:08:04 supybot Uncaught exception in Youtube.__call__:
Traceback (most recent call last):
  File "/usr/lib/python2.7/site-packages/supybot/log.py", line 361, in m
    return f(self, *args, **kwargs)
  File "/usr/lib/python2.7/site-packages/supybot/irclib.py", line 126, in __call__
    method(irc, msg)
  File "/home/rg_arch/varg/plugins/Youtube/plugin.py", line 152, in doPrivmsg
    linkapi = LinkDBApi()
  File "/home/rg_arch/varg/plugins/Youtube/plugin.py", line 33, in __init__
    self.testinit()
  File "/home/rg_arch/varg/plugins/Youtube/plugin.py", line 41, in testinit
    callbacks.Plugin.log.debug("IOError in DB creation")
AttributeError: type object 'Plugin' has no attribute 'log'
ERROR 2015-01-08T16:08:04 supybot Exception id: 0x2dc71
INFO 2015-01-08T16:08:21 supybot config list called in private by "infrablack!~rg_arch@li125-120.members.linode.com".
ERROR 2015-01-08T16:08:21 supybot Uncaught exception in Youtube.__call__:
Traceback (most recent call last):
  File "/usr/lib/python2.7/site-packages/supybot/log.py", line 361, in m
    return f(self, *args, **kwargs)
  File "/usr/lib/python2.7/site-packages/supybot/irclib.py", line 126, in __call__
    method(irc, msg)
  File "/home/rg_arch/varg/plugins/Youtube/plugin.py", line 152, in doPrivmsg
    linkapi = LinkDBApi()
  File "/home/rg_arch/varg/plugins/Youtube/plugin.py", line 33, in __init__
    self.testinit()
  File "/home/rg_arch/varg/plugins/Youtube/plugin.py", line 41, in testinit
    callbacks.Plugin.log.debug("IOError in DB creation")
AttributeError: type object 'Plugin' has no attribute 'log'
ERROR 2015-01-08T16:08:21 supybot Exception id: 0x2dc71
INFO 2015-01-08T16:08:54 supybot config list called in private by "infrablack!~rg_arch@li125-120.members.linode.com".
ERROR 2015-01-08T16:08:54 supybot Uncaught exception in Youtube.__call__:
Traceback (most recent call last):
  File "/usr/lib/python2.7/site-packages/supybot/log.py", line 361, in m
    return f(self, *args, **kwargs)
  File "/usr/lib/python2.7/site-packages/supybot/irclib.py", line 126, in __call__
    method(irc, msg)
  File "/home/rg_arch/varg/plugins/Youtube/plugin.py", line 152, in doPrivmsg
    linkapi = LinkDBApi()
  File "/home/rg_arch/varg/plugins/Youtube/plugin.py", line 33, in __init__
    self.testinit()
  File "/home/rg_arch/varg/plugins/Youtube/plugin.py", line 41, in testinit
    callbacks.Plugin.log.debug("IOError in DB creation")
AttributeError: type object 'Plugin' has no attribute 'log'
ERROR 2015-01-08T16:08:54 supybot Exception id: 0x2dc71
INFO 2015-01-08T16:09:09 supybot config called in private by "infrablack!~rg_arch@li125-120.members.linode.com".
ERROR 2015-01-08T16:09:09 supybot Uncaught exception in Youtube.__call__:
Traceback (most recent call last):
  File "/usr/lib/python2.7/site-packages/supybot/log.py", line 361, in m
    return f(self, *args, **kwargs)
  File "/usr/lib/python2.7/site-packages/supybot/irclib.py", line 126, in __call__
    method(irc, msg)
  File "/home/rg_arch/varg/plugins/Youtube/plugin.py", line 152, in doPrivmsg
    linkapi = LinkDBApi()
  File "/home/rg_arch/varg/plugins/Youtube/plugin.py", line 33, in __init__
    self.testinit()
  File "/home/rg_arch/varg/plugins/Youtube/plugin.py", line 41, in testinit
    callbacks.Plugin.log.debug("IOError in DB creation")
AttributeError: type object 'Plugin' has no attribute 'log'
ERROR 2015-01-08T16:09:09 supybot Exception id: 0x2dc71
INFO 2015-01-08T16:09:19 supybot config called in private by "infrablack!~rg_arch@li125-120.members.linode.com".
ERROR 2015-01-08T16:09:19 supybot Uncaught exception in Youtube.__call__:
Traceback (most recent call last):
  File "/usr/lib/python2.7/site-packages/supybot/log.py", line 361, in m
    return f(self, *args, **kwargs)
  File "/usr/lib/python2.7/site-packages/supybot/irclib.py", line 126, in __call__
    method(irc, msg)
  File "/home/rg_arch/varg/plugins/Youtube/plugin.py", line 152, in doPrivmsg
    linkapi = LinkDBApi()
  File "/home/rg_arch/varg/plugins/Youtube/plugin.py", line 33, in __init__
    self.testinit()
  File "/home/rg_arch/varg/plugins/Youtube/plugin.py", line 41, in testinit
    callbacks.Plugin.log.debug("IOError in DB creation")
AttributeError: type object 'Plugin' has no attribute 'log'
ERROR 2015-01-08T16:09:19 supybot Exception id: 0x2dc71
INFO 2015-01-08T16:10:21 supybot config called in private by "infrablack!~rg_arch@li125-120.members.linode.com".
ERROR 2015-01-08T16:10:21 supybot Uncaught exception in Youtube.__call__:
Traceback (most recent call last):
  File "/usr/lib/python2.7/site-packages/supybot/log.py", line 361, in m
    return f(self, *args, **kwargs)
  File "/usr/lib/python2.7/site-packages/supybot/irclib.py", line 126, in __call__
    method(irc, msg)
  File "/home/rg_arch/varg/plugins/Youtube/plugin.py", line 152, in doPrivmsg
    linkapi = LinkDBApi()
  File "/home/rg_arch/varg/plugins/Youtube/plugin.py", line 33, in __init__
    self.testinit()
  File "/home/rg_arch/varg/plugins/Youtube/plugin.py", line 41, in testinit
    callbacks.Plugin.log.debug("IOError in DB creation")
AttributeError: type object 'Plugin' has no attribute 'log'
ERROR 2015-01-08T16:10:21 supybot Exception id: 0x2dc71
INFO 2015-01-08T16:10:29 supybot config called in private by "infrablack!~rg_arch@li125-120.members.linode.com".
ERROR 2015-01-08T16:10:29 supybot Uncaught exception in Youtube.__call__:
Traceback (most recent call last):
  File "/usr/lib/python2.7/site-packages/supybot/log.py", line 361, in m
    return f(self, *args, **kwargs)
  File "/usr/lib/python2.7/site-packages/supybot/irclib.py", line 126, in __call__
    method(irc, msg)
  File "/home/rg_arch/varg/plugins/Youtube/plugin.py", line 152, in doPrivmsg
    linkapi = LinkDBApi()
  File "/home/rg_arch/varg/plugins/Youtube/plugin.py", line 33, in __init__
    self.testinit()
  File "/home/rg_arch/varg/plugins/Youtube/plugin.py", line 41, in testinit
    callbacks.Plugin.log.debug("IOError in DB creation")
AttributeError: type object 'Plugin' has no attribute 'log'
ERROR 2015-01-08T16:10:29 supybot Exception id: 0x2dc71
ERROR 2015-01-08T16:10:35 supybot Uncaught exception in Youtube.__call__:
Traceback (most recent call last):
  File "/usr/lib/python2.7/site-packages/supybot/log.py", line 361, in m
    return f(self, *args, **kwargs)
  File "/usr/lib/python2.7/site-packages/supybot/irclib.py", line 126, in __call__
    method(irc, msg)
  File "/home/rg_arch/varg/plugins/Youtube/plugin.py", line 152, in doPrivmsg
    linkapi = LinkDBApi()
  File "/home/rg_arch/varg/plugins/Youtube/plugin.py", line 33, in __init__
    self.testinit()
  File "/home/rg_arch/varg/plugins/Youtube/plugin.py", line 41, in testinit
    callbacks.Plugin.log.debug("IOError in DB creation")
AttributeError: type object 'Plugin' has no attribute 'log'
ERROR 2015-01-08T16:10:35 supybot Exception id: 0x2dc71
INFO 2015-01-08T16:10:42 supybot list called on #ugmetalforum by "rg_metal!~rg_metal@unaffiliated/rg-metal/x-7047109".
ERROR 2015-01-08T16:10:42 supybot Uncaught exception in Youtube.__call__:
Traceback (most recent call last):
  File "/usr/lib/python2.7/site-packages/supybot/log.py", line 361, in m
    return f(self, *args, **kwargs)
  File "/usr/lib/python2.7/site-packages/supybot/irclib.py", line 126, in __call__
    method(irc, msg)
  File "/home/rg_arch/varg/plugins/Youtube/plugin.py", line 152, in doPrivmsg
    linkapi = LinkDBApi()
  File "/home/rg_arch/varg/plugins/Youtube/plugin.py", line 33, in __init__
    self.testinit()
  File "/home/rg_arch/varg/plugins/Youtube/plugin.py", line 41, in testinit
    callbacks.Plugin.log.debug("IOError in DB creation")
AttributeError: type object 'Plugin' has no attribute 'log'
ERROR 2015-01-08T16:10:42 supybot Exception id: 0x2dc71
ERROR 2015-01-08T16:10:47 supybot Uncaught exception in Youtube.__call__:
Traceback (most recent call last):
  File "/usr/lib/python2.7/site-packages/supybot/log.py", line 361, in m
    return f(self, *args, **kwargs)
  File "/usr/lib/python2.7/site-packages/supybot/irclib.py", line 126, in __call__
    method(irc, msg)
  File "/home/rg_arch/varg/plugins/Youtube/plugin.py", line 152, in doPrivmsg
    linkapi = LinkDBApi()
  File "/home/rg_arch/varg/plugins/Youtube/plugin.py", line 33, in __init__
    self.testinit()
  File "/home/rg_arch/varg/plugins/Youtube/plugin.py", line 41, in testinit
    callbacks.Plugin.log.debug("IOError in DB creation")
AttributeError: type object 'Plugin' has no attribute 'log'
ERROR 2015-01-08T16:10:47 supybot Exception id: 0x2dc71
ERROR 2015-01-08T16:10:49 supybot Uncaught exception in Youtube.__call__:
Traceback (most recent call last):
  File "/usr/lib/python2.7/site-packages/supybot/log.py", line 361, in m
    return f(self, *args, **kwargs)
  File "/usr/lib/python2.7/site-packages/supybot/irclib.py", line 126, in __call__
    method(irc, msg)
  File "/home/rg_arch/varg/plugins/Youtube/plugin.py", line 152, in doPrivmsg
    linkapi = LinkDBApi()
  File "/home/rg_arch/varg/plugins/Youtube/plugin.py", line 33, in __init__
    self.testinit()
  File "/home/rg_arch/varg/plugins/Youtube/plugin.py", line 41, in testinit
    callbacks.Plugin.log.debug("IOError in DB creation")
AttributeError: type object 'Plugin' has no attribute 'log'
ERROR 2015-01-08T16:10:49 supybot Exception id: 0x2dc71
INFO 2015-01-08T16:11:10 supybot config called in private by "infrablack!~rg_arch@li125-120.members.linode.com".
ERROR 2015-01-08T16:11:10 supybot Uncaught exception in Youtube.__call__:
Traceback (most recent call last):
  File "/usr/lib/python2.7/site-packages/supybot/log.py", line 361, in m
    return f(self, *args, **kwargs)
  File "/usr/lib/python2.7/site-packages/supybot/irclib.py", line 126, in __call__
    method(irc, msg)
  File "/home/rg_arch/varg/plugins/Youtube/plugin.py", line 152, in doPrivmsg
    linkapi = LinkDBApi()
  File "/home/rg_arch/varg/plugins/Youtube/plugin.py", line 33, in __init__
    self.testinit()
  File "/home/rg_arch/varg/plugins/Youtube/plugin.py", line 41, in testinit
    callbacks.Plugin.log.debug("IOError in DB creation")
AttributeError: type object 'Plugin' has no attribute 'log'
ERROR 2015-01-08T16:11:10 supybot Exception id: 0x2dc71
ERROR 2015-01-08T16:11:19 supybot Uncaught exception in Youtube.__call__:
Traceback (most recent call last):
  File "/usr/lib/python2.7/site-packages/supybot/log.py", line 361, in m
    return f(self, *args, **kwargs)
  File "/usr/lib/python2.7/site-packages/supybot/irclib.py", line 126, in __call__
    method(irc, msg)
  File "/home/rg_arch/varg/plugins/Youtube/plugin.py", line 152, in doPrivmsg
    linkapi = LinkDBApi()
  File "/home/rg_arch/varg/plugins/Youtube/plugin.py", line 33, in __init__
    self.testinit()
  File "/home/rg_arch/varg/plugins/Youtube/plugin.py", line 41, in testinit
    callbacks.Plugin.log.debug("IOError in DB creation")
AttributeError: type object 'Plugin' has no attribute 'log'
ERROR 2015-01-08T16:11:19 supybot Exception id: 0x2dc71
ERROR 2015-01-08T16:11:24 supybot Uncaught exception in Youtube.__call__:
Traceback (most recent call last):
  File "/usr/lib/python2.7/site-packages/supybot/log.py", line 361, in m
    return f(self, *args, **kwargs)
  File "/usr/lib/python2.7/site-packages/supybot/irclib.py", line 126, in __call__
    method(irc, msg)
  File "/home/rg_arch/varg/plugins/Youtube/plugin.py", line 152, in doPrivmsg
    linkapi = LinkDBApi()
  File "/home/rg_arch/varg/plugins/Youtube/plugin.py", line 33, in __init__
    self.testinit()
  File "/home/rg_arch/varg/plugins/Youtube/plugin.py", line 41, in testinit
    callbacks.Plugin.log.debug("IOError in DB creation")
AttributeError: type object 'Plugin' has no attribute 'log'
ERROR 2015-01-08T16:11:24 supybot Exception id: 0x2dc71
INFO 2015-01-08T16:11:40 supybot list called on #ugmetalforum by "rg_metal!~rg_metal@unaffiliated/rg-metal/x-7047109".
ERROR 2015-01-08T16:11:40 supybot Uncaught exception in Youtube.__call__:
Traceback (most recent call last):
  File "/usr/lib/python2.7/site-packages/supybot/log.py", line 361, in m
    return f(self, *args, **kwargs)
  File "/usr/lib/python2.7/site-packages/supybot/irclib.py", line 126, in __call__
    method(irc, msg)
  File "/home/rg_arch/varg/plugins/Youtube/plugin.py", line 152, in doPrivmsg
    linkapi = LinkDBApi()
  File "/home/rg_arch/varg/plugins/Youtube/plugin.py", line 33, in __init__
    self.testinit()
  File "/home/rg_arch/varg/plugins/Youtube/plugin.py", line 41, in testinit
    callbacks.Plugin.log.debug("IOError in DB creation")
AttributeError: type object 'Plugin' has no attribute 'log'
ERROR 2015-01-08T16:11:40 supybot Exception id: 0x2dc71
ERROR 2015-01-08T16:12:39 supybot Uncaught exception in Youtube.__call__:
Traceback (most recent call last):
  File "/usr/lib/python2.7/site-packages/supybot/log.py", line 361, in m
    return f(self, *args, **kwargs)
  File "/usr/lib/python2.7/site-packages/supybot/irclib.py", line 126, in __call__
    method(irc, msg)
  File "/home/rg_arch/varg/plugins/Youtube/plugin.py", line 152, in doPrivmsg
    linkapi = LinkDBApi()
  File "/home/rg_arch/varg/plugins/Youtube/plugin.py", line 33, in __init__
    self.testinit()
  File "/home/rg_arch/varg/plugins/Youtube/plugin.py", line 41, in testinit
    callbacks.Plugin.log.debug("IOError in DB creation")
AttributeError: type object 'Plugin' has no attribute 'log'
ERROR 2015-01-08T16:12:39 supybot Exception id: 0x2dc71
ERROR 2015-01-08T16:12:41 supybot Uncaught exception in Youtube.__call__:
Traceback (most recent call last):
  File "/usr/lib/python2.7/site-packages/supybot/log.py", line 361, in m
    return f(self, *args, **kwargs)
  File "/usr/lib/python2.7/site-packages/supybot/irclib.py", line 126, in __call__
    method(irc, msg)
  File "/home/rg_arch/varg/plugins/Youtube/plugin.py", line 152, in doPrivmsg
    linkapi = LinkDBApi()
  File "/home/rg_arch/varg/plugins/Youtube/plugin.py", line 33, in __init__
    self.testinit()
  File "/home/rg_arch/varg/plugins/Youtube/plugin.py", line 41, in testinit
    callbacks.Plugin.log.debug("IOError in DB creation")
AttributeError: type object 'Plugin' has no attribute 'log'
ERROR 2015-01-08T16:12:41 supybot Exception id: 0x2dc71
ERROR 2015-01-08T16:12:46 supybot Uncaught exception in Youtube.__call__:
Traceback (most recent call last):
  File "/usr/lib/python2.7/site-packages/supybot/log.py", line 361, in m
    return f(self, *args, **kwargs)
  File "/usr/lib/python2.7/site-packages/supybot/irclib.py", line 126, in __call__
    method(irc, msg)
  File "/home/rg_arch/varg/plugins/Youtube/plugin.py", line 152, in doPrivmsg
    linkapi = LinkDBApi()
  File "/home/rg_arch/varg/plugins/Youtube/plugin.py", line 33, in __init__
    self.testinit()
  File "/home/rg_arch/varg/plugins/Youtube/plugin.py", line 41, in testinit
    callbacks.Plugin.log.debug("IOError in DB creation")
AttributeError: type object 'Plugin' has no attribute 'log'
ERROR 2015-01-08T16:12:46 supybot Exception id: 0x2dc71
INFO 2015-01-08T16:12:54 supybot unload called in private by "infrablack!~rg_arch@li125-120.members.linode.com".
INFO 2015-01-08T16:13:39 supybot list called in private by "infrablack!~rg_arch@li125-120.members.linode.com".
INFO 2015-01-08T16:13:45 supybot list called in private by "infrablack!~rg_arch@li125-120.members.linode.com".
INFO 2015-01-08T16:13:58 supybot aka add called in private by "infrablack!~rg_arch@li125-120.members.linode.com".
INFO 2015-01-08T16:14:36 supybot aka add called in private by "infrablack!~rg_arch@li125-120.members.linode.com".
INFO 2015-01-08T16:14:36 supybot Adding Aka 'yt' for 'google youtube' (from infrablack!~rg_arch@li125-120.members.linode.com)
INFO 2015-01-08T16:14:48 supybot yt called on #ugmetalforum by "rg_metal!~rg_metal@unaffiliated/rg-metal/x-7047109".
INFO 2015-01-08T16:14:48 supybot google called on #ugmetalforum by "rg_metal!~rg_metal@unaffiliated/rg-metal/x-7047109".
INFO 2015-01-08T16:15:24 supybot yt called on #ugmetalforum by "rg_metal!~rg_metal@unaffiliated/rg-metal/x-7047109".
INFO 2015-01-08T16:15:24 supybot google called on #ugmetalforum by "rg_metal!~rg_metal@unaffiliated/rg-metal/x-7047109".
INFO 2015-01-08T16:15:49 supybot aka remove called in private by "infrablack!~rg_arch@li125-120.members.linode.com".
INFO 2015-01-08T16:15:49 supybot Removing Aka 'yt' (from infrablack!~rg_arch@li125-120.members.linode.com)
INFO 2015-01-08T16:15:56 supybot list called in private by "infrablack!~rg_arch@li125-120.members.linode.com".
INFO 2015-01-08T16:16:15 supybot list called in private by "infrablack!~rg_arch@li125-120.members.linode.com".
INFO 2015-01-08T16:16:36 supybot list called in private by "infrablack!~rg_arch@li125-120.members.linode.com".
INFO 2015-01-08T16:16:47 supybot url stats called in private by "infrablack!~rg_arch@li125-120.members.linode.com".
INFO 2015-01-08T16:16:56 supybot url stats called in private by "infrablack!~rg_arch@li125-120.members.linode.com".
INFO 2015-01-08T16:17:23 supybot list called in private by "infrablack!~rg_arch@li125-120.members.linode.com".
INFO 2015-01-08T16:17:38 supybot list called in private by "infrablack!~rg_arch@li125-120.members.linode.com".
INFO 2015-01-08T16:17:51 supybot status uptime called in private by "infrablack!~rg_arch@li125-120.members.linode.com".
INFO 2015-01-08T16:18:01 supybot status cpu called in private by "infrablack!~rg_arch@li125-120.members.linode.com".
INFO 2015-01-08T16:39:03 supybot np called on #ugmetalforum by "rg_metal!~rg_metal@unaffiliated/rg-metal/x-7047109".
INFO 2015-01-08T16:49:24 supybot np called on #ugmetalforum by "rg_metal!~rg_metal@unaffiliated/rg-metal/x-7047109".
INFO 2015-01-08T16:53:11 supybot Flushers flushed and garbage collected.
INFO 2015-01-08T17:53:11 supybot Flushers flushed and garbage collected.
INFO 2015-01-08T18:53:12 supybot Flushers flushed and garbage collected.
INFO 2015-01-08T19:53:12 supybot Flushers flushed and garbage collected.
INFO 2015-01-08T20:53:12 supybot Flushers flushed and garbage collected.
INFO 2015-01-08T21:08:51 supybot np called on #ugmetalforum by "rg_metal!~rg_metal@unaffiliated/rg-metal/x-7047109".
INFO 2015-01-08T21:53:13 supybot Flushers flushed and garbage collected.
INFO 2015-01-08T22:53:13 supybot Flushers flushed and garbage collected.
INFO 2015-01-08T23:53:14 supybot Flushers flushed and garbage collected.
INFO 2015-01-09T00:53:14 supybot Flushers flushed and garbage collected.
INFO 2015-01-09T01:53:15 supybot Flushers flushed and garbage collected.
INFO 2015-01-09T02:53:16 supybot Flushers flushed and garbage collected.
INFO 2015-01-09T02:58:22 supybot np called on #ugmetalforum by "rg_metal!~rg_metal@unaffiliated/rg-metal/x-7047109".
INFO 2015-01-09T03:38:42 supybot np called on #ugmetalforum by "rg_metal!~rg_metal@unaffiliated/rg-metal/x-7047109".
INFO 2015-01-09T03:53:16 supybot Flushers flushed and garbage collected.
INFO 2015-01-09T03:55:19 supybot np called on #ugmetalforum by "rg_metal!~rg_metal@unaffiliated/rg-metal/x-7047109".
INFO 2015-01-09T04:00:56 supybot np called on #ugmetalforum by "rg_metal!~rg_metal@unaffiliated/rg-metal/x-7047109".
INFO 2015-01-09T04:10:41 supybot np called on #ugmetalforum by "rg_metal!~rg_metal@unaffiliated/rg-metal/x-7047109".
INFO 2015-01-09T04:21:08 supybot np called on #ugmetalforum by "rg_metal!~rg_metal@unaffiliated/rg-metal/x-7047109".
INFO 2015-01-09T04:21:22 supybot np called on #ugmetalforum by "rg_metal!~rg_metal@unaffiliated/rg-metal/x-7047109".
INFO 2015-01-09T04:53:16 supybot Flushers flushed and garbage collected.
INFO 2015-01-09T05:16:50 supybot np called on #ugmetalforum by "rg_metal!~rg_metal@unaffiliated/rg-metal/x-7047109".
INFO 2015-01-09T05:22:43 supybot list called on #ugmetalforum by "rg_metal!~rg_metal@unaffiliated/rg-metal/x-7047109".
INFO 2015-01-09T05:24:34 supybot lastfm set called on #ugmetalforum by "Affix!~Affix@fedora/Affix".
INFO 2015-01-09T05:24:45 supybot lastfm set called on #ugmetalforum by "Affix!~Affix@fedora/Affix".
INFO 2015-01-09T05:24:56 supybot np called on #ugmetalforum by "Affix!~Affix@fedora/Affix".
INFO 2015-01-09T05:48:48 supybot np called on #ugmetalforum by "rg_metal!~rg_metal@unaffiliated/rg-metal/x-7047109".
INFO 2015-01-09T05:49:48 supybot np called on #ugmetalforum by "rg_metal!~rg_metal@unaffiliated/rg-metal/x-7047109".
INFO 2015-01-09T05:51:50 supybot np called on #ugmetalforum by "rg_metal!~rg_metal@unaffiliated/rg-metal/x-7047109".
INFO 2015-01-09T05:53:04 supybot lastfm set called on #ugmetalforum by "Fisheth!5222926d@gateway/web/freenode/ip.82.34.146.109".
INFO 2015-01-09T05:53:17 supybot Flushers flushed and garbage collected.
INFO 2015-01-09T05:56:39 supybot lastfm set called on #ugmetalforum by "Fisheth!5222926d@gateway/web/freenode/ip.82.34.146.109".
INFO 2015-01-09T05:57:39 supybot lastfm set called on #ugmetalforum by "Fisheth!5222926d@gateway/web/freenode/ip.82.34.146.109".
INFO 2015-01-09T06:00:44 supybot np called on #ugmetalforum by "rg_metal!~rg_metal@unaffiliated/rg-metal/x-7047109".
INFO 2015-01-09T06:01:19 supybot np called on #ugmetalforum by "Fisheth!5222926d@gateway/web/freenode/ip.82.34.146.109".
INFO 2015-01-09T06:08:55 supybot np called on #ugmetalforum by "rg_metal!~rg_metal@unaffiliated/rg-metal/x-7047109".
INFO 2015-01-09T06:09:06 supybot np called on #ugmetalforum by "Fisheth!5222926d@gateway/web/freenode/ip.82.34.146.109".
INFO 2015-01-09T06:12:18 supybot compare called on #ugmetalforum by "rg_metal!~rg_metal@unaffiliated/rg-metal/x-7047109".
INFO 2015-01-09T06:12:30 supybot compare called on #ugmetalforum by "rg_metal!~rg_metal@unaffiliated/rg-metal/x-7047109".
INFO 2015-01-09T06:13:22 supybot compare called on #ugmetalforum by "rg_metal!~rg_metal@unaffiliated/rg-metal/x-7047109".
INFO 2015-01-09T06:23:30 supybot np called on #ugmetalforum by "rg_metal!~rg_metal@unaffiliated/rg-metal/x-7047109".
INFO 2015-01-09T06:26:29 supybot np called on #ugmetalforum by "Fisheth!5222926d@gateway/web/freenode/ip.82.34.146.109".
INFO 2015-01-09T06:40:18 supybot np called on #ugmetalforum by "rg_metal!~rg_metal@unaffiliated/rg-metal/x-7047109".
INFO 2015-01-09T06:53:18 supybot Flushers flushed and garbage collected.
INFO 2015-01-09T07:00:19 supybot np called on #ugmetalforum by "rg_metal!~rg_metal@unaffiliated/rg-metal/x-7047109".
INFO 2015-01-09T07:29:03 supybot np called on #ugmetalforum by "rg_metal!~rg_metal@unaffiliated/rg-metal/x-7047109".
INFO 2015-01-09T07:53:18 supybot Flushers flushed and garbage collected.
INFO 2015-01-09T08:24:13 supybot np called on #ugmetalforum by "rg_metal!~rg_metal@unaffiliated/rg-metal/x-7047109".
INFO 2015-01-09T08:45:12 supybot np called on #ugmetalforum by "rg_metal!~rg_metal@unaffiliated/rg-metal/x-7047109".
INFO 2015-01-09T08:53:19 supybot Flushers flushed and garbage collected.
INFO 2015-01-09T09:53:19 supybot Flushers flushed and garbage collected.
INFO 2015-01-09T10:53:20 supybot Flushers flushed and garbage collected.
INFO 2015-01-09T11:53:20 supybot Flushers flushed and garbage collected.
INFO 2015-01-09T11:58:56 supybot np called on #ugmetalforum by "rg_metal!~rg_metal@unaffiliated/rg-metal/x-7047109".
INFO 2015-01-09T12:28:07 supybot np called on #ugmetalforum by "rg_metal!~rg_metal@unaffiliated/rg-metal/x-7047109".
INFO 2015-01-09T12:28:22 supybot np called on #ugmetalforum by "hipstatomic!836b9fb1@gateway/web/freenode/ip.131.107.159.177".
INFO 2015-01-09T12:28:56 supybot google called on #ugmetalforum by "rg_metal!~rg_metal@unaffiliated/rg-metal/x-7047109".
INFO 2015-01-09T12:53:21 supybot Flushers flushed and garbage collected.
